<?xml version="1.0" encoding="UTF-8" ?>
<testsuite tests="6" failures="0" name="edu.sei.st.logicalcoverage.RepayMCDCCoverageTest" time="0" errors="0" skipped="0">
  <properties>
[...]
</properties>
  <testcase classname="edu.sei.st.logicalcoverage.RepayMCDCCoverageTest" name="card_invaild_and_name_vaild_and_money_vaild_and_istotal_and_great_pay" time="0"/>
  <testcase classname="edu.sei.st.logicalcoverage.RepayMCDCCoverageTest" name="card_vaild_and_name_vaild_and_money_vaild_and_no_and_great_pay" time="0"/>
  <testcase classname="edu.sei.st.logicalcoverage.RepayMCDCCoverageTest" name="card_vaild_and_name_vaild_and_money_vaild_and_ispart_and_great_pay" time="0"/>
  <testcase classname="edu.sei.st.logicalcoverage.RepayMCDCCoverageTest" name="card_vaild_and_name_invaild_and_money_vaild_and_istotal_and_lower_pay" time="0"/>
  <testcase classname="edu.sei.st.logicalcoverage.RepayMCDCCoverageTest" name="card_vaild_and_name_vaild_and_money_vaild_and_istotal_and_great_pay" time="0"/>
  <testcase classname="edu.sei.st.logicalcoverage.RepayMCDCCoverageTest" name="card_vaild_and_name_vaild_and_money_invaild_and_istotal_and_lower_pay" time="0"/>
</testsuite>